<?xml version="1.0" encoding="UTF-8"?>
<!-- Generated by org.testng.reporters.JUnitReportReporter -->
<testsuite hostname="Losuinda" failures="0" tests="1" name="testcases.TC003_Test_BrokenPage" time="0.682" errors="0" timestamp="2024-11-07T08:33:04 CET" skipped="0">
  <testcase classname="testcases.TC003_Test_BrokenPage" name="validatTotalNumberofImage" time="0.682"/>
</testsuite> <!-- testcases.TC003_Test_BrokenPage -->
