<?xml version="1.0" encoding="UTF-8"?>
<!-- Generated by org.testng.reporters.JUnitReportReporter -->
<testsuite hostname="Losuinda" failures="0" tests="1" name="testcases.TC006_Test_DragAndDrop" time="0.721" errors="0" timestamp="2024-11-11T16:37:54 CET" skipped="0">
  <testcase classname="testcases.TC006_Test_DragAndDrop" name="testDragDropFunction" time="0.721"/>
</testsuite> <!-- testcases.TC006_Test_DragAndDrop -->
