<?xml version="1.0" encoding="UTF-8"?>
<!-- Generated by org.testng.reporters.JUnitReportReporter -->
<testsuite hostname="Losuinda" failures="0" tests="3" name="testcases.Test_ABTesting" time="0.471" errors="0" timestamp="2024-10-21T13:54:29 CEST" skipped="0">
  <testcase classname="testcases.Test_ABTesting" name="testABTesting" time="0.410"/>
  <testcase classname="testcases.Test_ABTesting" name="validateSucessRedirecdToABTestingPage" time="0.037"/>
  <testcase classname="testcases.Test_ABTesting" name="backtohomepage" time="0.024"/>
</testsuite> <!-- testcases.Test_ABTesting -->
