<?xml version="1.0" encoding="UTF-8"?>
<!-- Generated by org.testng.reporters.JUnitReportReporter -->
<testsuite hostname="Losuinda" failures="0" tests="1" name="testcases.TC004_Test_CheckBoxPage" time="0.523" errors="0" timestamp="2024-11-07T12:02:15 CET" skipped="0">
  <testcase classname="testcases.TC004_Test_CheckBoxPage" name="testCheckBox1" time="0.523"/>
</testsuite> <!-- testcases.TC004_Test_CheckBoxPage -->
