<?xml version="1.0" encoding="UTF-8"?>
<!-- Generated by org.testng.reporters.JUnitReportReporter -->
<testsuite hostname="Losuinda" failures="0" tests="1" name="testcases.TC01_Test_AddRemoveTestcases" time="0.761" errors="0" timestamp="2024-10-22T11:33:34 CEST" skipped="0">
  <testcase classname="testcases.TC01_Test_AddRemoveTestcases" name="AddMultipleElementsandRemoveOne" time="0.761"/>
</testsuite> <!-- testcases.TC01_Test_AddRemoveTestcases -->
