<?xml version="1.0" encoding="UTF-8"?>
<!-- Generated by org.testng.reporters.JUnitReportReporter -->
<testsuite hostname="Losuinda" failures="0" tests="1" name="testcases.TC007_Test_DropDown" time="0.639" errors="0" timestamp="2024-11-12T12:14:52 CET" skipped="0">
  <testcase classname="testcases.TC007_Test_DropDown" name="testDropDownList" time="0.639"/>
</testsuite> <!-- testcases.TC007_Test_DropDown -->
