<?xml version="1.0" encoding="UTF-8"?>
<!-- Generated by org.testng.reporters.JUnitReportReporter -->
<testsuite hostname="Losuinda" failures="0" tests="1" name="testcases.TC005_Test_ContextMenuePage" time="0.946" errors="0" timestamp="2024-11-10T05:24:14 CET" skipped="0">
  <testcase classname="testcases.TC005_Test_ContextMenuePage" name="TestContextPage" time="0.946"/>
</testsuite> <!-- testcases.TC005_Test_ContextMenuePage -->
